2022-06-18 12:39:39,297  INFO [main] HomePageTest:21 - Open browserstack
2022-06-18 12:39:40,465  INFO [main] HomePageTest:29 - enter username
2022-06-18 12:39:40,531  INFO [main] HomePageTest:31 - enter username
2022-06-18 12:39:40,942  INFO [main] HomePageTest:33 - click on login
2022-06-18 12:39:41,105 DEBUG [main] cache:45 - Couldn't find template in cache for "extent.ftl"("en_IN", UTF-8, parsed); will try to load it.
2022-06-18 12:39:41,106 DEBUG [main] cache:45 - TemplateLoader.findTemplateSource("extent_en_IN.ftl"): Not found
2022-06-18 12:39:41,107 DEBUG [main] cache:45 - TemplateLoader.findTemplateSource("extent_en.ftl"): Not found
2022-06-18 12:39:41,109 DEBUG [main] cache:45 - TemplateLoader.findTemplateSource("extent.ftl"): Found
2022-06-18 12:39:41,110 DEBUG [main] cache:45 - Loading template for "extent.ftl"("en_IN", UTF-8, parsed) from "jar:file:/Users/yogi/.m2/repository/com/aventstack/extentreports/3.0.0/extentreports-3.0.0.jar!/com/aventstack/extentreports/view/extent.ftl"
2022-06-18 12:39:41,250 DEBUG [main] cache:45 - Couldn't find template in cache for "head.ftl"("en_IN", UTF-8, parsed); will try to load it.
2022-06-18 12:39:41,251 DEBUG [main] cache:45 - TemplateLoader.findTemplateSource("head_en_IN.ftl"): Not found
2022-06-18 12:39:41,251 DEBUG [main] cache:45 - TemplateLoader.findTemplateSource("head_en.ftl"): Not found
2022-06-18 12:39:41,252 DEBUG [main] cache:45 - TemplateLoader.findTemplateSource("head.ftl"): Found
2022-06-18 12:39:41,252 DEBUG [main] cache:45 - Loading template for "head.ftl"("en_IN", UTF-8, parsed) from "jar:file:/Users/yogi/.m2/repository/com/aventstack/extentreports/3.0.0/extentreports-3.0.0.jar!/com/aventstack/extentreports/view/head.ftl"
2022-06-18 12:39:41,258 DEBUG [main] cache:45 - Couldn't find template in cache for "nav.ftl"("en_IN", UTF-8, parsed); will try to load it.
2022-06-18 12:39:41,259 DEBUG [main] cache:45 - TemplateLoader.findTemplateSource("nav_en_IN.ftl"): Not found
2022-06-18 12:39:41,261 DEBUG [main] cache:45 - TemplateLoader.findTemplateSource("nav_en.ftl"): Not found
2022-06-18 12:39:41,261 DEBUG [main] cache:45 - TemplateLoader.findTemplateSource("nav.ftl"): Found
2022-06-18 12:39:41,261 DEBUG [main] cache:45 - Loading template for "nav.ftl"("en_IN", UTF-8, parsed) from "jar:file:/Users/yogi/.m2/repository/com/aventstack/extentreports/3.0.0/extentreports-3.0.0.jar!/com/aventstack/extentreports/view/nav.ftl"
2022-06-18 12:39:41,271 DEBUG [main] cache:45 - Couldn't find template in cache for "test-view/test-view.ftl"("en_IN", UTF-8, parsed); will try to load it.
2022-06-18 12:39:41,272 DEBUG [main] cache:45 - TemplateLoader.findTemplateSource("test-view/test-view_en_IN.ftl"): Not found
2022-06-18 12:39:41,272 DEBUG [main] cache:45 - TemplateLoader.findTemplateSource("test-view/test-view_en.ftl"): Not found
2022-06-18 12:39:41,273 DEBUG [main] cache:45 - TemplateLoader.findTemplateSource("test-view/test-view.ftl"): Found
2022-06-18 12:39:41,274 DEBUG [main] cache:45 - Loading template for "test-view/test-view.ftl"("en_IN", UTF-8, parsed) from "jar:file:/Users/yogi/.m2/repository/com/aventstack/extentreports/3.0.0/extentreports-3.0.0.jar!/com/aventstack/extentreports/view/test-view/test-view.ftl"
2022-06-18 12:39:41,301 DEBUG [main] cache:45 - Couldn't find template in cache for "test-view/test-view-charts.ftl"("en_IN", UTF-8, parsed); will try to load it.
2022-06-18 12:39:41,307 DEBUG [main] cache:45 - TemplateLoader.findTemplateSource("test-view/test-view-charts_en_IN.ftl"): Not found
2022-06-18 12:39:41,308 DEBUG [main] cache:45 - TemplateLoader.findTemplateSource("test-view/test-view-charts_en.ftl"): Not found
2022-06-18 12:39:41,309 DEBUG [main] cache:45 - TemplateLoader.findTemplateSource("test-view/test-view-charts.ftl"): Found
2022-06-18 12:39:41,310 DEBUG [main] cache:45 - Loading template for "test-view/test-view-charts.ftl"("en_IN", UTF-8, parsed) from "jar:file:/Users/yogi/.m2/repository/com/aventstack/extentreports/3.0.0/extentreports-3.0.0.jar!/com/aventstack/extentreports/view/test-view/test-view-charts.ftl"
2022-06-18 12:39:41,332 DEBUG [main] cache:45 - Couldn't find template in cache for "test-view/standard.ftl"("en_IN", UTF-8, parsed); will try to load it.
2022-06-18 12:39:41,335 DEBUG [main] cache:45 - TemplateLoader.findTemplateSource("test-view/standard_en_IN.ftl"): Not found
2022-06-18 12:39:41,336 DEBUG [main] cache:45 - TemplateLoader.findTemplateSource("test-view/standard_en.ftl"): Not found
2022-06-18 12:39:41,338 DEBUG [main] cache:45 - TemplateLoader.findTemplateSource("test-view/standard.ftl"): Found
2022-06-18 12:39:41,338 DEBUG [main] cache:45 - Loading template for "test-view/standard.ftl"("en_IN", UTF-8, parsed) from "jar:file:/Users/yogi/.m2/repository/com/aventstack/extentreports/3.0.0/extentreports-3.0.0.jar!/com/aventstack/extentreports/view/test-view/standard.ftl"
2022-06-18 12:39:41,363 DEBUG [main] cache:45 - Couldn't find template in cache for "category-view/category-view.ftl"("en_IN", UTF-8, parsed); will try to load it.
2022-06-18 12:39:41,365 DEBUG [main] cache:45 - TemplateLoader.findTemplateSource("category-view/category-view_en_IN.ftl"): Not found
2022-06-18 12:39:41,365 DEBUG [main] cache:45 - TemplateLoader.findTemplateSource("category-view/category-view_en.ftl"): Not found
2022-06-18 12:39:41,365 DEBUG [main] cache:45 - TemplateLoader.findTemplateSource("category-view/category-view.ftl"): Found
2022-06-18 12:39:41,365 DEBUG [main] cache:45 - Loading template for "category-view/category-view.ftl"("en_IN", UTF-8, parsed) from "jar:file:/Users/yogi/.m2/repository/com/aventstack/extentreports/3.0.0/extentreports-3.0.0.jar!/com/aventstack/extentreports/view/category-view/category-view.ftl"
2022-06-18 12:39:41,368 DEBUG [main] cache:45 - Couldn't find template in cache for "exception-view/exception-view.ftl"("en_IN", UTF-8, parsed); will try to load it.
2022-06-18 12:39:41,369 DEBUG [main] cache:45 - TemplateLoader.findTemplateSource("exception-view/exception-view_en_IN.ftl"): Not found
2022-06-18 12:39:41,371 DEBUG [main] cache:45 - TemplateLoader.findTemplateSource("exception-view/exception-view_en.ftl"): Not found
2022-06-18 12:39:41,372 DEBUG [main] cache:45 - TemplateLoader.findTemplateSource("exception-view/exception-view.ftl"): Found
2022-06-18 12:39:41,373 DEBUG [main] cache:45 - Loading template for "exception-view/exception-view.ftl"("en_IN", UTF-8, parsed) from "jar:file:/Users/yogi/.m2/repository/com/aventstack/extentreports/3.0.0/extentreports-3.0.0.jar!/com/aventstack/extentreports/view/exception-view/exception-view.ftl"
2022-06-18 12:39:41,376 DEBUG [main] cache:45 - Couldn't find template in cache for "dashboard-view/dashboard-view.ftl"("en_IN", UTF-8, parsed); will try to load it.
2022-06-18 12:39:41,377 DEBUG [main] cache:45 - TemplateLoader.findTemplateSource("dashboard-view/dashboard-view_en_IN.ftl"): Not found
2022-06-18 12:39:41,378 DEBUG [main] cache:45 - TemplateLoader.findTemplateSource("dashboard-view/dashboard-view_en.ftl"): Not found
2022-06-18 12:39:41,378 DEBUG [main] cache:45 - TemplateLoader.findTemplateSource("dashboard-view/dashboard-view.ftl"): Found
2022-06-18 12:39:41,378 DEBUG [main] cache:45 - Loading template for "dashboard-view/dashboard-view.ftl"("en_IN", UTF-8, parsed) from "jar:file:/Users/yogi/.m2/repository/com/aventstack/extentreports/3.0.0/extentreports-3.0.0.jar!/com/aventstack/extentreports/view/dashboard-view/dashboard-view.ftl"
2022-06-18 12:39:41,395 DEBUG [main] cache:45 - Couldn't find template in cache for "logs-view/testrunner-logs-view.ftl"("en_IN", UTF-8, parsed); will try to load it.
2022-06-18 12:39:41,396 DEBUG [main] cache:45 - TemplateLoader.findTemplateSource("logs-view/testrunner-logs-view_en_IN.ftl"): Not found
2022-06-18 12:39:41,396 DEBUG [main] cache:45 - TemplateLoader.findTemplateSource("logs-view/testrunner-logs-view_en.ftl"): Not found
2022-06-18 12:39:41,396 DEBUG [main] cache:45 - TemplateLoader.findTemplateSource("logs-view/testrunner-logs-view.ftl"): Found
2022-06-18 12:39:41,396 DEBUG [main] cache:45 - Loading template for "logs-view/testrunner-logs-view.ftl"("en_IN", UTF-8, parsed) from "jar:file:/Users/yogi/.m2/repository/com/aventstack/extentreports/3.0.0/extentreports-3.0.0.jar!/com/aventstack/extentreports/view/logs-view/testrunner-logs-view.ftl"
